
lein test wordy-test

lein test :only wordy-test/addition-with-negative-numbers

ERROR in (addition-with-negative-numbers) (AFn.java:429)
expected: (= (wordy/evaluate "What is -1 plus -10?") -11)
  actual: clojure.lang.ArityException: Wrong number of args (1) passed to: wordy/evaluate
 at clojure.lang.AFn.throwArity (AFn.java:429)
    clojure.lang.AFn.invoke (AFn.java:32)
    wordy_test$fn__454.invokeStatic (wordy_test.clj:12)
    wordy_test/fn (wordy_test.clj:11)
    clojure.test$test_var$fn__9707.invoke (test.clj:717)
    clojure.test$test_var.invokeStatic (test.clj:717)
    clojure.test$test_var.invoke (test.clj:708)
    clojure.test$test_vars$fn__9733$fn__9738.invoke (test.clj:735)
    clojure.test$default_fixture.invokeStatic (test.clj:687)
    clojure.test$default_fixture.invoke (test.clj:683)
    clojure.test$test_vars$fn__9733.invoke (test.clj:735)
    clojure.test$default_fixture.invokeStatic (test.clj:687)
    clojure.test$default_fixture.invoke (test.clj:683)
    clojure.test$test_vars.invokeStatic (test.clj:731)
    clojure.test$test_all_vars.invokeStatic (test.clj:737)
    clojure.test$test_ns.invokeStatic (test.clj:758)
    clojure.test$test_ns.invoke (test.clj:743)
    user$eval224$fn__345.invoke (form-init3175609222997845561.clj:1)
    clojure.lang.AFn.applyToHelper (AFn.java:156)
    clojure.lang.AFn.applyTo (AFn.java:144)
    clojure.core$apply.invokeStatic (core.clj:667)
    clojure.core$apply.invoke (core.clj:660)
    leiningen.core.injected$compose_hooks$fn__154.doInvoke (form-init3175609222997845561.clj:1)
    clojure.lang.RestFn.applyTo (RestFn.java:137)
    clojure.core$apply.invokeStatic (core.clj:665)
    clojure.core$apply.invoke (core.clj:660)
    leiningen.core.injected$run_hooks.invokeStatic (form-init3175609222997845561.clj:1)
    leiningen.core.injected$run_hooks.invoke (form-init3175609222997845561.clj:1)
    leiningen.core.injected$prepare_for_hooks$fn__159$fn__160.doInvoke (form-init3175609222997845561.clj:1)
    clojure.lang.RestFn.applyTo (RestFn.java:137)
    clojure.lang.AFunction$1.doInvoke (AFunction.java:31)
    clojure.lang.RestFn.invoke (RestFn.java:408)
    clojure.core$map$fn__5851.invoke (core.clj:2755)
    clojure.lang.LazySeq.sval (LazySeq.java:42)
    clojure.lang.LazySeq.seq (LazySeq.java:51)
    clojure.lang.Cons.next (Cons.java:39)
    clojure.lang.RT.boundedLength (RT.java:1788)
    clojure.lang.RestFn.applyTo (RestFn.java:130)
    clojure.core$apply.invokeStatic (core.clj:667)
    clojure.test$run_tests.invokeStatic (test.clj:768)
    clojure.test$run_tests.doInvoke (test.clj:768)
    clojure.lang.RestFn.applyTo (RestFn.java:137)
    clojure.core$apply.invokeStatic (core.clj:665)
    clojure.core$apply.invoke (core.clj:660)
    user$eval224$fn__357$fn__410.invoke (form-init3175609222997845561.clj:1)
    user$eval224$fn__357$fn__358.invoke (form-init3175609222997845561.clj:1)
    user$eval224$fn__357.invoke (form-init3175609222997845561.clj:1)
    user$eval224.invokeStatic (form-init3175609222997845561.clj:1)
    user$eval224.invoke (form-init3175609222997845561.clj:1)
    clojure.lang.Compiler.eval (Compiler.java:7176)
    clojure.lang.Compiler.eval (Compiler.java:7166)
    clojure.lang.Compiler.load (Compiler.java:7635)
    clojure.lang.Compiler.loadFile (Compiler.java:7573)
    clojure.main$load_script.invokeStatic (main.clj:452)
    clojure.main$init_opt.invokeStatic (main.clj:454)
    clojure.main$init_opt.invoke (main.clj:454)
    clojure.main$initialize.invokeStatic (main.clj:485)
    clojure.main$null_opt.invokeStatic (main.clj:519)
    clojure.main$null_opt.invoke (main.clj:516)
    clojure.main$main.invokeStatic (main.clj:598)
    clojure.main$main.doInvoke (main.clj:561)
    clojure.lang.RestFn.applyTo (RestFn.java:137)
    clojure.lang.Var.applyTo (Var.java:705)
    clojure.main.main (main.java:37)

lein test :only wordy-test/subtraction-then-addition

ERROR in (subtraction-then-addition) (AFn.java:429)
expected: (= (wordy/evaluate "What is 17 minus 6 plus 3?") 14)
  actual: clojure.lang.ArityException: Wrong number of args (1) passed to: wordy/evaluate
 at clojure.lang.AFn.throwArity (AFn.java:429)
    clojure.lang.AFn.invoke (AFn.java:32)
    wordy_test$fn__494.invokeStatic (wordy_test.clj:36)
    wordy_test/fn (wordy_test.clj:35)
    clojure.test$test_var$fn__9707.invoke (test.clj:717)
    clojure.test$test_var.invokeStatic (test.clj:717)
    clojure.test$test_var.invoke (test.clj:708)
    clojure.test$test_vars$fn__9733$fn__9738.invoke (test.clj:735)
    clojure.test$default_fixture.invokeStatic (test.clj:687)
    clojure.test$default_fixture.invoke (test.clj:683)
    clojure.test$test_vars$fn__9733.invoke (test.clj:735)
    clojure.test$default_fixture.invokeStatic (test.clj:687)
    clojure.test$default_fixture.invoke (test.clj:683)
    clojure.test$test_vars.invokeStatic (test.clj:731)
    clojure.test$test_all_vars.invokeStatic (test.clj:737)
    clojure.test$test_ns.invokeStatic (test.clj:758)
    clojure.test$test_ns.invoke (test.clj:743)
    user$eval224$fn__345.invoke (form-init3175609222997845561.clj:1)
    clojure.lang.AFn.applyToHelper (AFn.java:156)
    clojure.lang.AFn.applyTo (AFn.java:144)
    clojure.core$apply.invokeStatic (core.clj:667)
    clojure.core$apply.invoke (core.clj:660)
    leiningen.core.injected$compose_hooks$fn__154.doInvoke (form-init3175609222997845561.clj:1)
    clojure.lang.RestFn.applyTo (RestFn.java:137)
    clojure.core$apply.invokeStatic (core.clj:665)
    clojure.core$apply.invoke (core.clj:660)
    leiningen.core.injected$run_hooks.invokeStatic (form-init3175609222997845561.clj:1)
    leiningen.core.injected$run_hooks.invoke (form-init3175609222997845561.clj:1)
    leiningen.core.injected$prepare_for_hooks$fn__159$fn__160.doInvoke (form-init3175609222997845561.clj:1)
    clojure.lang.RestFn.applyTo (RestFn.java:137)
    clojure.lang.AFunction$1.doInvoke (AFunction.java:31)
    clojure.lang.RestFn.invoke (RestFn.java:408)
    clojure.core$map$fn__5851.invoke (core.clj:2755)
    clojure.lang.LazySeq.sval (LazySeq.java:42)
    clojure.lang.LazySeq.seq (LazySeq.java:51)
    clojure.lang.Cons.next (Cons.java:39)
    clojure.lang.RT.boundedLength (RT.java:1788)
    clojure.lang.RestFn.applyTo (RestFn.java:130)
    clojure.core$apply.invokeStatic (core.clj:667)
    clojure.test$run_tests.invokeStatic (test.clj:768)
    clojure.test$run_tests.doInvoke (test.clj:768)
    clojure.lang.RestFn.applyTo (RestFn.java:137)
    clojure.core$apply.invokeStatic (core.clj:665)
    clojure.core$apply.invoke (core.clj:660)
    user$eval224$fn__357$fn__410.invoke (form-init3175609222997845561.clj:1)
    user$eval224$fn__357$fn__358.invoke (form-init3175609222997845561.clj:1)
    user$eval224$fn__357.invoke (form-init3175609222997845561.clj:1)
    user$eval224.invokeStatic (form-init3175609222997845561.clj:1)
    user$eval224.invoke (form-init3175609222997845561.clj:1)
    clojure.lang.Compiler.eval (Compiler.java:7176)
    clojure.lang.Compiler.eval (Compiler.java:7166)
    clojure.lang.Compiler.load (Compiler.java:7635)
    clojure.lang.Compiler.loadFile (Compiler.java:7573)
    clojure.main$load_script.invokeStatic (main.clj:452)
    clojure.main$init_opt.invokeStatic (main.clj:454)
    clojure.main$init_opt.invoke (main.clj:454)
    clojure.main$initialize.invokeStatic (main.clj:485)
    clojure.main$null_opt.invokeStatic (main.clj:519)
    clojure.main$null_opt.invoke (main.clj:516)
    clojure.main$main.invokeStatic (main.clj:598)
    clojure.main$main.doInvoke (main.clj:561)
    clojure.lang.RestFn.applyTo (RestFn.java:137)
    clojure.lang.Var.applyTo (Var.java:705)
    clojure.main.main (main.java:37)

lein test :only wordy-test/addition-and-multiplication

ERROR in (addition-and-multiplication) (AFn.java:429)
expected: (= (wordy/evaluate "What is -3 plus 7 multiplied by -2?") -8)
  actual: clojure.lang.ArityException: Wrong number of args (1) passed to: wordy/evaluate
 at clojure.lang.AFn.throwArity (AFn.java:429)
    clojure.lang.AFn.invoke (AFn.java:32)
    wordy_test$fn__504.invokeStatic (wordy_test.clj:42)
    wordy_test/fn (wordy_test.clj:41)
    clojure.test$test_var$fn__9707.invoke (test.clj:717)
    clojure.test$test_var.invokeStatic (test.clj:717)
    clojure.test$test_var.invoke (test.clj:708)
    clojure.test$test_vars$fn__9733$fn__9738.invoke (test.clj:735)
    clojure.test$default_fixture.invokeStatic (test.clj:687)
    clojure.test$default_fixture.invoke (test.clj:683)
    clojure.test$test_vars$fn__9733.invoke (test.clj:735)
    clojure.test$default_fixture.invokeStatic (test.clj:687)
    clojure.test$default_fixture.invoke (test.clj:683)
    clojure.test$test_vars.invokeStatic (test.clj:731)
    clojure.test$test_all_vars.invokeStatic (test.clj:737)
    clojure.test$test_ns.invokeStatic (test.clj:758)
    clojure.test$test_ns.invoke (test.clj:743)
    user$eval224$fn__345.invoke (form-init3175609222997845561.clj:1)
    clojure.lang.AFn.applyToHelper (AFn.java:156)
    clojure.lang.AFn.applyTo (AFn.java:144)
    clojure.core$apply.invokeStatic (core.clj:667)
    clojure.core$apply.invoke (core.clj:660)
    leiningen.core.injected$compose_hooks$fn__154.doInvoke (form-init3175609222997845561.clj:1)
    clojure.lang.RestFn.applyTo (RestFn.java:137)
    clojure.core$apply.invokeStatic (core.clj:665)
    clojure.core$apply.invoke (core.clj:660)
    leiningen.core.injected$run_hooks.invokeStatic (form-init3175609222997845561.clj:1)
    leiningen.core.injected$run_hooks.invoke (form-init3175609222997845561.clj:1)
    leiningen.core.injected$prepare_for_hooks$fn__159$fn__160.doInvoke (form-init3175609222997845561.clj:1)
    clojure.lang.RestFn.applyTo (RestFn.java:137)
    clojure.lang.AFunction$1.doInvoke (AFunction.java:31)
    clojure.lang.RestFn.invoke (RestFn.java:408)
    clojure.core$map$fn__5851.invoke (core.clj:2755)
    clojure.lang.LazySeq.sval (LazySeq.java:42)
    clojure.lang.LazySeq.seq (LazySeq.java:51)
    clojure.lang.Cons.next (Cons.java:39)
    clojure.lang.RT.boundedLength (RT.java:1788)
    clojure.lang.RestFn.applyTo (RestFn.java:130)
    clojure.core$apply.invokeStatic (core.clj:667)
    clojure.test$run_tests.invokeStatic (test.clj:768)
    clojure.test$run_tests.doInvoke (test.clj:768)
    clojure.lang.RestFn.applyTo (RestFn.java:137)
    clojure.core$apply.invokeStatic (core.clj:665)
    clojure.core$apply.invoke (core.clj:660)
    user$eval224$fn__357$fn__410.invoke (form-init3175609222997845561.clj:1)
    user$eval224$fn__357$fn__358.invoke (form-init3175609222997845561.clj:1)
    user$eval224$fn__357.invoke (form-init3175609222997845561.clj:1)
    user$eval224.invokeStatic (form-init3175609222997845561.clj:1)
    user$eval224.invoke (form-init3175609222997845561.clj:1)
    clojure.lang.Compiler.eval (Compiler.java:7176)
    clojure.lang.Compiler.eval (Compiler.java:7166)
    clojure.lang.Compiler.load (Compiler.java:7635)
    clojure.lang.Compiler.loadFile (Compiler.java:7573)
    clojure.main$load_script.invokeStatic (main.clj:452)
    clojure.main$init_opt.invokeStatic (main.clj:454)
    clojure.main$init_opt.invoke (main.clj:454)
    clojure.main$initialize.invokeStatic (main.clj:485)
    clojure.main$null_opt.invokeStatic (main.clj:519)
    clojure.main$null_opt.invoke (main.clj:516)
    clojure.main$main.invokeStatic (main.clj:598)
    clojure.main$main.doInvoke (main.clj:561)
    clojure.lang.RestFn.applyTo (RestFn.java:137)
    clojure.lang.Var.applyTo (Var.java:705)
    clojure.main.main (main.java:37)

lein test :only wordy-test/subtraction

ERROR in (subtraction) (AFn.java:429)
expected: (= (wordy/evaluate "What is 4 minus -12?") 16)
  actual: clojure.lang.ArityException: Wrong number of args (1) passed to: wordy/evaluate
 at clojure.lang.AFn.throwArity (AFn.java:429)
    clojure.lang.AFn.invoke (AFn.java:32)
    wordy_test$fn__464.invokeStatic (wordy_test.clj:18)
    wordy_test/fn (wordy_test.clj:17)
    clojure.test$test_var$fn__9707.invoke (test.clj:717)
    clojure.test$test_var.invokeStatic (test.clj:717)
    clojure.test$test_var.invoke (test.clj:708)
    clojure.test$test_vars$fn__9733$fn__9738.invoke (test.clj:735)
    clojure.test$default_fixture.invokeStatic (test.clj:687)
    clojure.test$default_fixture.invoke (test.clj:683)
    clojure.test$test_vars$fn__9733.invoke (test.clj:735)
    clojure.test$default_fixture.invokeStatic (test.clj:687)
    clojure.test$default_fixture.invoke (test.clj:683)
    clojure.test$test_vars.invokeStatic (test.clj:731)
    clojure.test$test_all_vars.invokeStatic (test.clj:737)
    clojure.test$test_ns.invokeStatic (test.clj:758)
    clojure.test$test_ns.invoke (test.clj:743)
    user$eval224$fn__345.invoke (form-init3175609222997845561.clj:1)
    clojure.lang.AFn.applyToHelper (AFn.java:156)
    clojure.lang.AFn.applyTo (AFn.java:144)
    clojure.core$apply.invokeStatic (core.clj:667)
    clojure.core$apply.invoke (core.clj:660)
    leiningen.core.injected$compose_hooks$fn__154.doInvoke (form-init3175609222997845561.clj:1)
    clojure.lang.RestFn.applyTo (RestFn.java:137)
    clojure.core$apply.invokeStatic (core.clj:665)
    clojure.core$apply.invoke (core.clj:660)
    leiningen.core.injected$run_hooks.invokeStatic (form-init3175609222997845561.clj:1)
    leiningen.core.injected$run_hooks.invoke (form-init3175609222997845561.clj:1)
    leiningen.core.injected$prepare_for_hooks$fn__159$fn__160.doInvoke (form-init3175609222997845561.clj:1)
    clojure.lang.RestFn.applyTo (RestFn.java:137)
    clojure.lang.AFunction$1.doInvoke (AFunction.java:31)
    clojure.lang.RestFn.invoke (RestFn.java:408)
    clojure.core$map$fn__5851.invoke (core.clj:2755)
    clojure.lang.LazySeq.sval (LazySeq.java:42)
    clojure.lang.LazySeq.seq (LazySeq.java:51)
    clojure.lang.Cons.next (Cons.java:39)
    clojure.lang.RT.boundedLength (RT.java:1788)
    clojure.lang.RestFn.applyTo (RestFn.java:130)
    clojure.core$apply.invokeStatic (core.clj:667)
    clojure.test$run_tests.invokeStatic (test.clj:768)
    clojure.test$run_tests.doInvoke (test.clj:768)
    clojure.lang.RestFn.applyTo (RestFn.java:137)
    clojure.core$apply.invokeStatic (core.clj:665)
    clojure.core$apply.invoke (core.clj:660)
    user$eval224$fn__357$fn__410.invoke (form-init3175609222997845561.clj:1)
    user$eval224$fn__357$fn__358.invoke (form-init3175609222997845561.clj:1)
    user$eval224$fn__357.invoke (form-init3175609222997845561.clj:1)
    user$eval224.invokeStatic (form-init3175609222997845561.clj:1)
    user$eval224.invoke (form-init3175609222997845561.clj:1)
    clojure.lang.Compiler.eval (Compiler.java:7176)
    clojure.lang.Compiler.eval (Compiler.java:7166)
    clojure.lang.Compiler.load (Compiler.java:7635)
    clojure.lang.Compiler.loadFile (Compiler.java:7573)
    clojure.main$load_script.invokeStatic (main.clj:452)
    clojure.main$init_opt.invokeStatic (main.clj:454)
    clojure.main$init_opt.invoke (main.clj:454)
    clojure.main$initialize.invokeStatic (main.clj:485)
    clojure.main$null_opt.invokeStatic (main.clj:519)
    clojure.main$null_opt.invoke (main.clj:516)
    clojure.main$main.invokeStatic (main.clj:598)
    clojure.main$main.doInvoke (main.clj:561)
    clojure.lang.RestFn.applyTo (RestFn.java:137)
    clojure.lang.Var.applyTo (Var.java:705)
    clojure.main.main (main.java:37)

lein test :only wordy-test/division

ERROR in (division) (AFn.java:429)
expected: (= (wordy/evaluate "What is 33 divided by -3?") -11)
  actual: clojure.lang.ArityException: Wrong number of args (1) passed to: wordy/evaluate
 at clojure.lang.AFn.throwArity (AFn.java:429)
    clojure.lang.AFn.invoke (AFn.java:32)
    wordy_test$fn__474.invokeStatic (wordy_test.clj:24)
    wordy_test/fn (wordy_test.clj:23)
    clojure.test$test_var$fn__9707.invoke (test.clj:717)
    clojure.test$test_var.invokeStatic (test.clj:717)
    clojure.test$test_var.invoke (test.clj:708)
    clojure.test$test_vars$fn__9733$fn__9738.invoke (test.clj:735)
    clojure.test$default_fixture.invokeStatic (test.clj:687)
    clojure.test$default_fixture.invoke (test.clj:683)
    clojure.test$test_vars$fn__9733.invoke (test.clj:735)
    clojure.test$default_fixture.invokeStatic (test.clj:687)
    clojure.test$default_fixture.invoke (test.clj:683)
    clojure.test$test_vars.invokeStatic (test.clj:731)
    clojure.test$test_all_vars.invokeStatic (test.clj:737)
    clojure.test$test_ns.invokeStatic (test.clj:758)
    clojure.test$test_ns.invoke (test.clj:743)
    user$eval224$fn__345.invoke (form-init3175609222997845561.clj:1)
    clojure.lang.AFn.applyToHelper (AFn.java:156)
    clojure.lang.AFn.applyTo (AFn.java:144)
    clojure.core$apply.invokeStatic (core.clj:667)
    clojure.core$apply.invoke (core.clj:660)
    leiningen.core.injected$compose_hooks$fn__154.doInvoke (form-init3175609222997845561.clj:1)
    clojure.lang.RestFn.applyTo (RestFn.java:137)
    clojure.core$apply.invokeStatic (core.clj:665)
    clojure.core$apply.invoke (core.clj:660)
    leiningen.core.injected$run_hooks.invokeStatic (form-init3175609222997845561.clj:1)
    leiningen.core.injected$run_hooks.invoke (form-init3175609222997845561.clj:1)
    leiningen.core.injected$prepare_for_hooks$fn__159$fn__160.doInvoke (form-init3175609222997845561.clj:1)
    clojure.lang.RestFn.applyTo (RestFn.java:137)
    clojure.lang.AFunction$1.doInvoke (AFunction.java:31)
    clojure.lang.RestFn.invoke (RestFn.java:408)
    clojure.core$map$fn__5851.invoke (core.clj:2755)
    clojure.lang.LazySeq.sval (LazySeq.java:42)
    clojure.lang.LazySeq.seq (LazySeq.java:51)
    clojure.lang.Cons.next (Cons.java:39)
    clojure.lang.RT.boundedLength (RT.java:1788)
    clojure.lang.RestFn.applyTo (RestFn.java:130)
    clojure.core$apply.invokeStatic (core.clj:667)
    clojure.test$run_tests.invokeStatic (test.clj:768)
    clojure.test$run_tests.doInvoke (test.clj:768)
    clojure.lang.RestFn.applyTo (RestFn.java:137)
    clojure.core$apply.invokeStatic (core.clj:665)
    clojure.core$apply.invoke (core.clj:660)
    user$eval224$fn__357$fn__410.invoke (form-init3175609222997845561.clj:1)
    user$eval224$fn__357$fn__358.invoke (form-init3175609222997845561.clj:1)
    user$eval224$fn__357.invoke (form-init3175609222997845561.clj:1)
    user$eval224.invokeStatic (form-init3175609222997845561.clj:1)
    user$eval224.invoke (form-init3175609222997845561.clj:1)
    clojure.lang.Compiler.eval (Compiler.java:7176)
    clojure.lang.Compiler.eval (Compiler.java:7166)
    clojure.lang.Compiler.load (Compiler.java:7635)
    clojure.lang.Compiler.loadFile (Compiler.java:7573)
    clojure.main$load_script.invokeStatic (main.clj:452)
    clojure.main$init_opt.invokeStatic (main.clj:454)
    clojure.main$init_opt.invoke (main.clj:454)
    clojure.main$initialize.invokeStatic (main.clj:485)
    clojure.main$null_opt.invokeStatic (main.clj:519)
    clojure.main$null_opt.invoke (main.clj:516)
    clojure.main$main.invokeStatic (main.clj:598)
    clojure.main$main.doInvoke (main.clj:561)
    clojure.lang.RestFn.applyTo (RestFn.java:137)
    clojure.lang.Var.applyTo (Var.java:705)
    clojure.main.main (main.java:37)

lein test :only wordy-test/multiple-multiplication

ERROR in (multiple-multiplication) (AFn.java:429)
expected: (= (wordy/evaluate "What is 2 multiplied by -2 multiplied by 3?") -12)
  actual: clojure.lang.ArityException: Wrong number of args (1) passed to: wordy/evaluate
 at clojure.lang.AFn.throwArity (AFn.java:429)
    clojure.lang.AFn.invoke (AFn.java:32)
    wordy_test$fn__499.invokeStatic (wordy_test.clj:39)
    wordy_test/fn (wordy_test.clj:38)
    clojure.test$test_var$fn__9707.invoke (test.clj:717)
    clojure.test$test_var.invokeStatic (test.clj:717)
    clojure.test$test_var.invoke (test.clj:708)
    clojure.test$test_vars$fn__9733$fn__9738.invoke (test.clj:735)
    clojure.test$default_fixture.invokeStatic (test.clj:687)
    clojure.test$default_fixture.invoke (test.clj:683)
    clojure.test$test_vars$fn__9733.invoke (test.clj:735)
    clojure.test$default_fixture.invokeStatic (test.clj:687)
    clojure.test$default_fixture.invoke (test.clj:683)
    clojure.test$test_vars.invokeStatic (test.clj:731)
    clojure.test$test_all_vars.invokeStatic (test.clj:737)
    clojure.test$test_ns.invokeStatic (test.clj:758)
    clojure.test$test_ns.invoke (test.clj:743)
    user$eval224$fn__345.invoke (form-init3175609222997845561.clj:1)
    clojure.lang.AFn.applyToHelper (AFn.java:156)
    clojure.lang.AFn.applyTo (AFn.java:144)
    clojure.core$apply.invokeStatic (core.clj:667)
    clojure.core$apply.invoke (core.clj:660)
    leiningen.core.injected$compose_hooks$fn__154.doInvoke (form-init3175609222997845561.clj:1)
    clojure.lang.RestFn.applyTo (RestFn.java:137)
    clojure.core$apply.invokeStatic (core.clj:665)
    clojure.core$apply.invoke (core.clj:660)
    leiningen.core.injected$run_hooks.invokeStatic (form-init3175609222997845561.clj:1)
    leiningen.core.injected$run_hooks.invoke (form-init3175609222997845561.clj:1)
    leiningen.core.injected$prepare_for_hooks$fn__159$fn__160.doInvoke (form-init3175609222997845561.clj:1)
    clojure.lang.RestFn.applyTo (RestFn.java:137)
    clojure.lang.AFunction$1.doInvoke (AFunction.java:31)
    clojure.lang.RestFn.invoke (RestFn.java:408)
    clojure.core$map$fn__5851.invoke (core.clj:2755)
    clojure.lang.LazySeq.sval (LazySeq.java:42)
    clojure.lang.LazySeq.seq (LazySeq.java:51)
    clojure.lang.Cons.next (Cons.java:39)
    clojure.lang.RT.boundedLength (RT.java:1788)
    clojure.lang.RestFn.applyTo (RestFn.java:130)
    clojure.core$apply.invokeStatic (core.clj:667)
    clojure.test$run_tests.invokeStatic (test.clj:768)
    clojure.test$run_tests.doInvoke (test.clj:768)
    clojure.lang.RestFn.applyTo (RestFn.java:137)
    clojure.core$apply.invokeStatic (core.clj:665)
    clojure.core$apply.invoke (core.clj:660)
    user$eval224$fn__357$fn__410.invoke (form-init3175609222997845561.clj:1)
    user$eval224$fn__357$fn__358.invoke (form-init3175609222997845561.clj:1)
    user$eval224$fn__357.invoke (form-init3175609222997845561.clj:1)
    user$eval224.invokeStatic (form-init3175609222997845561.clj:1)
    user$eval224.invoke (form-init3175609222997845561.clj:1)
    clojure.lang.Compiler.eval (Compiler.java:7176)
    clojure.lang.Compiler.eval (Compiler.java:7166)
    clojure.lang.Compiler.load (Compiler.java:7635)
    clojure.lang.Compiler.loadFile (Compiler.java:7573)
    clojure.main$load_script.invokeStatic (main.clj:452)
    clojure.main$init_opt.invokeStatic (main.clj:454)
    clojure.main$init_opt.invoke (main.clj:454)
    clojure.main$initialize.invokeStatic (main.clj:485)
    clojure.main$null_opt.invokeStatic (main.clj:519)
    clojure.main$null_opt.invoke (main.clj:516)
    clojure.main$main.invokeStatic (main.clj:598)
    clojure.main$main.doInvoke (main.clj:561)
    clojure.lang.RestFn.applyTo (RestFn.java:137)
    clojure.lang.Var.applyTo (Var.java:705)
    clojure.main.main (main.java:37)

lein test :only wordy-test/addition

ERROR in (addition) (AFn.java:429)
expected: (= (wordy/evaluate "What is 1 plus 1?") 2)
  actual: clojure.lang.ArityException: Wrong number of args (1) passed to: wordy/evaluate
 at clojure.lang.AFn.throwArity (AFn.java:429)
    clojure.lang.AFn.invoke (AFn.java:32)
    wordy_test$fn__444.invokeStatic (wordy_test.clj:6)
    wordy_test/fn (wordy_test.clj:5)
    clojure.test$test_var$fn__9707.invoke (test.clj:717)
    clojure.test$test_var.invokeStatic (test.clj:717)
    clojure.test$test_var.invoke (test.clj:708)
    clojure.test$test_vars$fn__9733$fn__9738.invoke (test.clj:735)
    clojure.test$default_fixture.invokeStatic (test.clj:687)
    clojure.test$default_fixture.invoke (test.clj:683)
    clojure.test$test_vars$fn__9733.invoke (test.clj:735)
    clojure.test$default_fixture.invokeStatic (test.clj:687)
    clojure.test$default_fixture.invoke (test.clj:683)
    clojure.test$test_vars.invokeStatic (test.clj:731)
    clojure.test$test_all_vars.invokeStatic (test.clj:737)
    clojure.test$test_ns.invokeStatic (test.clj:758)
    clojure.test$test_ns.invoke (test.clj:743)
    user$eval224$fn__345.invoke (form-init3175609222997845561.clj:1)
    clojure.lang.AFn.applyToHelper (AFn.java:156)
    clojure.lang.AFn.applyTo (AFn.java:144)
    clojure.core$apply.invokeStatic (core.clj:667)
    clojure.core$apply.invoke (core.clj:660)
    leiningen.core.injected$compose_hooks$fn__154.doInvoke (form-init3175609222997845561.clj:1)
    clojure.lang.RestFn.applyTo (RestFn.java:137)
    clojure.core$apply.invokeStatic (core.clj:665)
    clojure.core$apply.invoke (core.clj:660)
    leiningen.core.injected$run_hooks.invokeStatic (form-init3175609222997845561.clj:1)
    leiningen.core.injected$run_hooks.invoke (form-init3175609222997845561.clj:1)
    leiningen.core.injected$prepare_for_hooks$fn__159$fn__160.doInvoke (form-init3175609222997845561.clj:1)
    clojure.lang.RestFn.applyTo (RestFn.java:137)
    clojure.lang.AFunction$1.doInvoke (AFunction.java:31)
    clojure.lang.RestFn.invoke (RestFn.java:408)
    clojure.core$map$fn__5851.invoke (core.clj:2755)
    clojure.lang.LazySeq.sval (LazySeq.java:42)
    clojure.lang.LazySeq.seq (LazySeq.java:51)
    clojure.lang.Cons.next (Cons.java:39)
    clojure.lang.RT.boundedLength (RT.java:1788)
    clojure.lang.RestFn.applyTo (RestFn.java:130)
    clojure.core$apply.invokeStatic (core.clj:667)
    clojure.test$run_tests.invokeStatic (test.clj:768)
    clojure.test$run_tests.doInvoke (test.clj:768)
    clojure.lang.RestFn.applyTo (RestFn.java:137)
    clojure.core$apply.invokeStatic (core.clj:665)
    clojure.core$apply.invoke (core.clj:660)
    user$eval224$fn__357$fn__410.invoke (form-init3175609222997845561.clj:1)
    user$eval224$fn__357$fn__358.invoke (form-init3175609222997845561.clj:1)
    user$eval224$fn__357.invoke (form-init3175609222997845561.clj:1)
    user$eval224.invokeStatic (form-init3175609222997845561.clj:1)
    user$eval224.invoke (form-init3175609222997845561.clj:1)
    clojure.lang.Compiler.eval (Compiler.java:7176)
    clojure.lang.Compiler.eval (Compiler.java:7166)
    clojure.lang.Compiler.load (Compiler.java:7635)
    clojure.lang.Compiler.loadFile (Compiler.java:7573)
    clojure.main$load_script.invokeStatic (main.clj:452)
    clojure.main$init_opt.invokeStatic (main.clj:454)
    clojure.main$init_opt.invoke (main.clj:454)
    clojure.main$initialize.invokeStatic (main.clj:485)
    clojure.main$null_opt.invokeStatic (main.clj:519)
    clojure.main$null_opt.invoke (main.clj:516)
    clojure.main$main.invokeStatic (main.clj:598)
    clojure.main$main.doInvoke (main.clj:561)
    clojure.lang.RestFn.applyTo (RestFn.java:137)
    clojure.lang.Var.applyTo (Var.java:705)
    clojure.main.main (main.java:37)

lein test :only wordy-test/large-addition

ERROR in (large-addition) (AFn.java:429)
expected: (= (wordy/evaluate "What is 123 plus 45678?") 45801)
  actual: clojure.lang.ArityException: Wrong number of args (1) passed to: wordy/evaluate
 at clojure.lang.AFn.throwArity (AFn.java:429)
    clojure.lang.AFn.invoke (AFn.java:32)
    wordy_test$fn__459.invokeStatic (wordy_test.clj:15)
    wordy_test/fn (wordy_test.clj:14)
    clojure.test$test_var$fn__9707.invoke (test.clj:717)
    clojure.test$test_var.invokeStatic (test.clj:717)
    clojure.test$test_var.invoke (test.clj:708)
    clojure.test$test_vars$fn__9733$fn__9738.invoke (test.clj:735)
    clojure.test$default_fixture.invokeStatic (test.clj:687)
    clojure.test$default_fixture.invoke (test.clj:683)
    clojure.test$test_vars$fn__9733.invoke (test.clj:735)
    clojure.test$default_fixture.invokeStatic (test.clj:687)
    clojure.test$default_fixture.invoke (test.clj:683)
    clojure.test$test_vars.invokeStatic (test.clj:731)
    clojure.test$test_all_vars.invokeStatic (test.clj:737)
    clojure.test$test_ns.invokeStatic (test.clj:758)
    clojure.test$test_ns.invoke (test.clj:743)
    user$eval224$fn__345.invoke (form-init3175609222997845561.clj:1)
    clojure.lang.AFn.applyToHelper (AFn.java:156)
    clojure.lang.AFn.applyTo (AFn.java:144)
    clojure.core$apply.invokeStatic (core.clj:667)
    clojure.core$apply.invoke (core.clj:660)
    leiningen.core.injected$compose_hooks$fn__154.doInvoke (form-init3175609222997845561.clj:1)
    clojure.lang.RestFn.applyTo (RestFn.java:137)
    clojure.core$apply.invokeStatic (core.clj:665)
    clojure.core$apply.invoke (core.clj:660)
    leiningen.core.injected$run_hooks.invokeStatic (form-init3175609222997845561.clj:1)
    leiningen.core.injected$run_hooks.invoke (form-init3175609222997845561.clj:1)
    leiningen.core.injected$prepare_for_hooks$fn__159$fn__160.doInvoke (form-init3175609222997845561.clj:1)
    clojure.lang.RestFn.applyTo (RestFn.java:137)
    clojure.lang.AFunction$1.doInvoke (AFunction.java:31)
    clojure.lang.RestFn.invoke (RestFn.java:408)
    clojure.core$map$fn__5851.invoke (core.clj:2755)
    clojure.lang.LazySeq.sval (LazySeq.java:42)
    clojure.lang.LazySeq.seq (LazySeq.java:51)
    clojure.lang.Cons.next (Cons.java:39)
    clojure.lang.RT.boundedLength (RT.java:1788)
    clojure.lang.RestFn.applyTo (RestFn.java:130)
    clojure.core$apply.invokeStatic (core.clj:667)
    clojure.test$run_tests.invokeStatic (test.clj:768)
    clojure.test$run_tests.doInvoke (test.clj:768)
    clojure.lang.RestFn.applyTo (RestFn.java:137)
    clojure.core$apply.invokeStatic (core.clj:665)
    clojure.core$apply.invoke (core.clj:660)
    user$eval224$fn__357$fn__410.invoke (form-init3175609222997845561.clj:1)
    user$eval224$fn__357$fn__358.invoke (form-init3175609222997845561.clj:1)
    user$eval224$fn__357.invoke (form-init3175609222997845561.clj:1)
    user$eval224.invokeStatic (form-init3175609222997845561.clj:1)
    user$eval224.invoke (form-init3175609222997845561.clj:1)
    clojure.lang.Compiler.eval (Compiler.java:7176)
    clojure.lang.Compiler.eval (Compiler.java:7166)
    clojure.lang.Compiler.load (Compiler.java:7635)
    clojure.lang.Compiler.loadFile (Compiler.java:7573)
    clojure.main$load_script.invokeStatic (main.clj:452)
    clojure.main$init_opt.invokeStatic (main.clj:454)
    clojure.main$init_opt.invoke (main.clj:454)
    clojure.main$initialize.invokeStatic (main.clj:485)
    clojure.main$null_opt.invokeStatic (main.clj:519)
    clojure.main$null_opt.invoke (main.clj:516)
    clojure.main$main.invokeStatic (main.clj:598)
    clojure.main$main.doInvoke (main.clj:561)
    clojure.lang.RestFn.applyTo (RestFn.java:137)
    clojure.lang.Var.applyTo (Var.java:705)
    clojure.main.main (main.java:37)

lein test :only wordy-test/multiple-subtraction

ERROR in (multiple-subtraction) (AFn.java:429)
expected: (= (wordy/evaluate "What is 20 minus 4 minus 13?") 3)
  actual: clojure.lang.ArityException: Wrong number of args (1) passed to: wordy/evaluate
 at clojure.lang.AFn.throwArity (AFn.java:429)
    clojure.lang.AFn.invoke (AFn.java:32)
    wordy_test$fn__489.invokeStatic (wordy_test.clj:33)
    wordy_test/fn (wordy_test.clj:32)
    clojure.test$test_var$fn__9707.invoke (test.clj:717)
    clojure.test$test_var.invokeStatic (test.clj:717)
    clojure.test$test_var.invoke (test.clj:708)
    clojure.test$test_vars$fn__9733$fn__9738.invoke (test.clj:735)
    clojure.test$default_fixture.invokeStatic (test.clj:687)
    clojure.test$default_fixture.invoke (test.clj:683)
    clojure.test$test_vars$fn__9733.invoke (test.clj:735)
    clojure.test$default_fixture.invokeStatic (test.clj:687)
    clojure.test$default_fixture.invoke (test.clj:683)
    clojure.test$test_vars.invokeStatic (test.clj:731)
    clojure.test$test_all_vars.invokeStatic (test.clj:737)
    clojure.test$test_ns.invokeStatic (test.clj:758)
    clojure.test$test_ns.invoke (test.clj:743)
    user$eval224$fn__345.invoke (form-init3175609222997845561.clj:1)
    clojure.lang.AFn.applyToHelper (AFn.java:156)
    clojure.lang.AFn.applyTo (AFn.java:144)
    clojure.core$apply.invokeStatic (core.clj:667)
    clojure.core$apply.invoke (core.clj:660)
    leiningen.core.injected$compose_hooks$fn__154.doInvoke (form-init3175609222997845561.clj:1)
    clojure.lang.RestFn.applyTo (RestFn.java:137)
    clojure.core$apply.invokeStatic (core.clj:665)
    clojure.core$apply.invoke (core.clj:660)
    leiningen.core.injected$run_hooks.invokeStatic (form-init3175609222997845561.clj:1)
    leiningen.core.injected$run_hooks.invoke (form-init3175609222997845561.clj:1)
    leiningen.core.injected$prepare_for_hooks$fn__159$fn__160.doInvoke (form-init3175609222997845561.clj:1)
    clojure.lang.RestFn.applyTo (RestFn.java:137)
    clojure.lang.AFunction$1.doInvoke (AFunction.java:31)
    clojure.lang.RestFn.invoke (RestFn.java:408)
    clojure.core$map$fn__5851.invoke (core.clj:2755)
    clojure.lang.LazySeq.sval (LazySeq.java:42)
    clojure.lang.LazySeq.seq (LazySeq.java:51)
    clojure.lang.Cons.next (Cons.java:39)
    clojure.lang.RT.boundedLength (RT.java:1788)
    clojure.lang.RestFn.applyTo (RestFn.java:130)
    clojure.core$apply.invokeStatic (core.clj:667)
    clojure.test$run_tests.invokeStatic (test.clj:768)
    clojure.test$run_tests.doInvoke (test.clj:768)
    clojure.lang.RestFn.applyTo (RestFn.java:137)
    clojure.core$apply.invokeStatic (core.clj:665)
    clojure.core$apply.invoke (core.clj:660)
    user$eval224$fn__357$fn__410.invoke (form-init3175609222997845561.clj:1)
    user$eval224$fn__357$fn__358.invoke (form-init3175609222997845561.clj:1)
    user$eval224$fn__357.invoke (form-init3175609222997845561.clj:1)
    user$eval224.invokeStatic (form-init3175609222997845561.clj:1)
    user$eval224.invoke (form-init3175609222997845561.clj:1)
    clojure.lang.Compiler.eval (Compiler.java:7176)
    clojure.lang.Compiler.eval (Compiler.java:7166)
    clojure.lang.Compiler.load (Compiler.java:7635)
    clojure.lang.Compiler.loadFile (Compiler.java:7573)
    clojure.main$load_script.invokeStatic (main.clj:452)
    clojure.main$init_opt.invokeStatic (main.clj:454)
    clojure.main$init_opt.invoke (main.clj:454)
    clojure.main$initialize.invokeStatic (main.clj:485)
    clojure.main$null_opt.invokeStatic (main.clj:519)
    clojure.main$null_opt.invoke (main.clj:516)
    clojure.main$main.invokeStatic (main.clj:598)
    clojure.main$main.doInvoke (main.clj:561)
    clojure.lang.RestFn.applyTo (RestFn.java:137)
    clojure.lang.Var.applyTo (Var.java:705)
    clojure.main.main (main.java:37)

lein test :only wordy-test/multiple-division

ERROR in (multiple-division) (AFn.java:429)
expected: (= (wordy/evaluate "What is -12 divided by 2 divided by -3?") 2)
  actual: clojure.lang.ArityException: Wrong number of args (1) passed to: wordy/evaluate
 at clojure.lang.AFn.throwArity (AFn.java:429)
    clojure.lang.AFn.invoke (AFn.java:32)
    wordy_test$fn__509.invokeStatic (wordy_test.clj:45)
    wordy_test/fn (wordy_test.clj:44)
    clojure.test$test_var$fn__9707.invoke (test.clj:717)
    clojure.test$test_var.invokeStatic (test.clj:717)
    clojure.test$test_var.invoke (test.clj:708)
    clojure.test$test_vars$fn__9733$fn__9738.invoke (test.clj:735)
    clojure.test$default_fixture.invokeStatic (test.clj:687)
    clojure.test$default_fixture.invoke (test.clj:683)
    clojure.test$test_vars$fn__9733.invoke (test.clj:735)
    clojure.test$default_fixture.invokeStatic (test.clj:687)
    clojure.test$default_fixture.invoke (test.clj:683)
    clojure.test$test_vars.invokeStatic (test.clj:731)
    clojure.test$test_all_vars.invokeStatic (test.clj:737)
    clojure.test$test_ns.invokeStatic (test.clj:758)
    clojure.test$test_ns.invoke (test.clj:743)
    user$eval224$fn__345.invoke (form-init3175609222997845561.clj:1)
    clojure.lang.AFn.applyToHelper (AFn.java:156)
    clojure.lang.AFn.applyTo (AFn.java:144)
    clojure.core$apply.invokeStatic (core.clj:667)
    clojure.core$apply.invoke (core.clj:660)
    leiningen.core.injected$compose_hooks$fn__154.doInvoke (form-init3175609222997845561.clj:1)
    clojure.lang.RestFn.applyTo (RestFn.java:137)
    clojure.core$apply.invokeStatic (core.clj:665)
    clojure.core$apply.invoke (core.clj:660)
    leiningen.core.injected$run_hooks.invokeStatic (form-init3175609222997845561.clj:1)
    leiningen.core.injected$run_hooks.invoke (form-init3175609222997845561.clj:1)
    leiningen.core.injected$prepare_for_hooks$fn__159$fn__160.doInvoke (form-init3175609222997845561.clj:1)
    clojure.lang.RestFn.applyTo (RestFn.java:137)
    clojure.lang.AFunction$1.doInvoke (AFunction.java:31)
    clojure.lang.RestFn.invoke (RestFn.java:408)
    clojure.core$map$fn__5851.invoke (core.clj:2755)
    clojure.lang.LazySeq.sval (LazySeq.java:42)
    clojure.lang.LazySeq.seq (LazySeq.java:51)
    clojure.lang.Cons.next (Cons.java:39)
    clojure.lang.RT.boundedLength (RT.java:1788)
    clojure.lang.RestFn.applyTo (RestFn.java:130)
    clojure.core$apply.invokeStatic (core.clj:667)
    clojure.test$run_tests.invokeStatic (test.clj:768)
    clojure.test$run_tests.doInvoke (test.clj:768)
    clojure.lang.RestFn.applyTo (RestFn.java:137)
    clojure.core$apply.invokeStatic (core.clj:665)
    clojure.core$apply.invoke (core.clj:660)
    user$eval224$fn__357$fn__410.invoke (form-init3175609222997845561.clj:1)
    user$eval224$fn__357$fn__358.invoke (form-init3175609222997845561.clj:1)
    user$eval224$fn__357.invoke (form-init3175609222997845561.clj:1)
    user$eval224.invokeStatic (form-init3175609222997845561.clj:1)
    user$eval224.invoke (form-init3175609222997845561.clj:1)
    clojure.lang.Compiler.eval (Compiler.java:7176)
    clojure.lang.Compiler.eval (Compiler.java:7166)
    clojure.lang.Compiler.load (Compiler.java:7635)
    clojure.lang.Compiler.loadFile (Compiler.java:7573)
    clojure.main$load_script.invokeStatic (main.clj:452)
    clojure.main$init_opt.invokeStatic (main.clj:454)
    clojure.main$init_opt.invoke (main.clj:454)
    clojure.main$initialize.invokeStatic (main.clj:485)
    clojure.main$null_opt.invokeStatic (main.clj:519)
    clojure.main$null_opt.invoke (main.clj:516)
    clojure.main$main.invokeStatic (main.clj:598)
    clojure.main$main.doInvoke (main.clj:561)
    clojure.lang.RestFn.applyTo (RestFn.java:137)
    clojure.lang.Var.applyTo (Var.java:705)
    clojure.main.main (main.java:37)

lein test :only wordy-test/more-addition

ERROR in (more-addition) (AFn.java:429)
expected: (= (wordy/evaluate "What is 53 plus 2?") 55)
  actual: clojure.lang.ArityException: Wrong number of args (1) passed to: wordy/evaluate
 at clojure.lang.AFn.throwArity (AFn.java:429)
    clojure.lang.AFn.invoke (AFn.java:32)
    wordy_test$fn__449.invokeStatic (wordy_test.clj:9)
    wordy_test/fn (wordy_test.clj:8)
    clojure.test$test_var$fn__9707.invoke (test.clj:717)
    clojure.test$test_var.invokeStatic (test.clj:717)
    clojure.test$test_var.invoke (test.clj:708)
    clojure.test$test_vars$fn__9733$fn__9738.invoke (test.clj:735)
    clojure.test$default_fixture.invokeStatic (test.clj:687)
    clojure.test$default_fixture.invoke (test.clj:683)
    clojure.test$test_vars$fn__9733.invoke (test.clj:735)
    clojure.test$default_fixture.invokeStatic (test.clj:687)
    clojure.test$default_fixture.invoke (test.clj:683)
    clojure.test$test_vars.invokeStatic (test.clj:731)
    clojure.test$test_all_vars.invokeStatic (test.clj:737)
    clojure.test$test_ns.invokeStatic (test.clj:758)
    clojure.test$test_ns.invoke (test.clj:743)
    user$eval224$fn__345.invoke (form-init3175609222997845561.clj:1)
    clojure.lang.AFn.applyToHelper (AFn.java:156)
    clojure.lang.AFn.applyTo (AFn.java:144)
    clojure.core$apply.invokeStatic (core.clj:667)
    clojure.core$apply.invoke (core.clj:660)
    leiningen.core.injected$compose_hooks$fn__154.doInvoke (form-init3175609222997845561.clj:1)
    clojure.lang.RestFn.applyTo (RestFn.java:137)
    clojure.core$apply.invokeStatic (core.clj:665)
    clojure.core$apply.invoke (core.clj:660)
    leiningen.core.injected$run_hooks.invokeStatic (form-init3175609222997845561.clj:1)
    leiningen.core.injected$run_hooks.invoke (form-init3175609222997845561.clj:1)
    leiningen.core.injected$prepare_for_hooks$fn__159$fn__160.doInvoke (form-init3175609222997845561.clj:1)
    clojure.lang.RestFn.applyTo (RestFn.java:137)
    clojure.lang.AFunction$1.doInvoke (AFunction.java:31)
    clojure.lang.RestFn.invoke (RestFn.java:408)
    clojure.core$map$fn__5851.invoke (core.clj:2755)
    clojure.lang.LazySeq.sval (LazySeq.java:42)
    clojure.lang.LazySeq.seq (LazySeq.java:51)
    clojure.lang.Cons.next (Cons.java:39)
    clojure.lang.RT.boundedLength (RT.java:1788)
    clojure.lang.RestFn.applyTo (RestFn.java:130)
    clojure.core$apply.invokeStatic (core.clj:667)
    clojure.test$run_tests.invokeStatic (test.clj:768)
    clojure.test$run_tests.doInvoke (test.clj:768)
    clojure.lang.RestFn.applyTo (RestFn.java:137)
    clojure.core$apply.invokeStatic (core.clj:665)
    clojure.core$apply.invoke (core.clj:660)
    user$eval224$fn__357$fn__410.invoke (form-init3175609222997845561.clj:1)
    user$eval224$fn__357$fn__358.invoke (form-init3175609222997845561.clj:1)
    user$eval224$fn__357.invoke (form-init3175609222997845561.clj:1)
    user$eval224.invokeStatic (form-init3175609222997845561.clj:1)
    user$eval224.invoke (form-init3175609222997845561.clj:1)
    clojure.lang.Compiler.eval (Compiler.java:7176)
    clojure.lang.Compiler.eval (Compiler.java:7166)
    clojure.lang.Compiler.load (Compiler.java:7635)
    clojure.lang.Compiler.loadFile (Compiler.java:7573)
    clojure.main$load_script.invokeStatic (main.clj:452)
    clojure.main$init_opt.invokeStatic (main.clj:454)
    clojure.main$init_opt.invoke (main.clj:454)
    clojure.main$initialize.invokeStatic (main.clj:485)
    clojure.main$null_opt.invokeStatic (main.clj:519)
    clojure.main$null_opt.invoke (main.clj:516)
    clojure.main$main.invokeStatic (main.clj:598)
    clojure.main$main.doInvoke (main.clj:561)
    clojure.lang.RestFn.applyTo (RestFn.java:137)
    clojure.lang.Var.applyTo (Var.java:705)
    clojure.main.main (main.java:37)

lein test :only wordy-test/multiple-additions

ERROR in (multiple-additions) (AFn.java:429)
expected: (= (wordy/evaluate "What is 1 plus 1 plus 1?") 3)
  actual: clojure.lang.ArityException: Wrong number of args (1) passed to: wordy/evaluate
 at clojure.lang.AFn.throwArity (AFn.java:429)
    clojure.lang.AFn.invoke (AFn.java:32)
    wordy_test$fn__479.invokeStatic (wordy_test.clj:27)
    wordy_test/fn (wordy_test.clj:26)
    clojure.test$test_var$fn__9707.invoke (test.clj:717)
    clojure.test$test_var.invokeStatic (test.clj:717)
    clojure.test$test_var.invoke (test.clj:708)
    clojure.test$test_vars$fn__9733$fn__9738.invoke (test.clj:735)
    clojure.test$default_fixture.invokeStatic (test.clj:687)
    clojure.test$default_fixture.invoke (test.clj:683)
    clojure.test$test_vars$fn__9733.invoke (test.clj:735)
    clojure.test$default_fixture.invokeStatic (test.clj:687)
    clojure.test$default_fixture.invoke (test.clj:683)
    clojure.test$test_vars.invokeStatic (test.clj:731)
    clojure.test$test_all_vars.invokeStatic (test.clj:737)
    clojure.test$test_ns.invokeStatic (test.clj:758)
    clojure.test$test_ns.invoke (test.clj:743)
    user$eval224$fn__345.invoke (form-init3175609222997845561.clj:1)
    clojure.lang.AFn.applyToHelper (AFn.java:156)
    clojure.lang.AFn.applyTo (AFn.java:144)
    clojure.core$apply.invokeStatic (core.clj:667)
    clojure.core$apply.invoke (core.clj:660)
    leiningen.core.injected$compose_hooks$fn__154.doInvoke (form-init3175609222997845561.clj:1)
    clojure.lang.RestFn.applyTo (RestFn.java:137)
    clojure.core$apply.invokeStatic (core.clj:665)
    clojure.core$apply.invoke (core.clj:660)
    leiningen.core.injected$run_hooks.invokeStatic (form-init3175609222997845561.clj:1)
    leiningen.core.injected$run_hooks.invoke (form-init3175609222997845561.clj:1)
    leiningen.core.injected$prepare_for_hooks$fn__159$fn__160.doInvoke (form-init3175609222997845561.clj:1)
    clojure.lang.RestFn.applyTo (RestFn.java:137)
    clojure.lang.AFunction$1.doInvoke (AFunction.java:31)
    clojure.lang.RestFn.invoke (RestFn.java:408)
    clojure.core$map$fn__5851.invoke (core.clj:2755)
    clojure.lang.LazySeq.sval (LazySeq.java:42)
    clojure.lang.LazySeq.seq (LazySeq.java:51)
    clojure.lang.Cons.next (Cons.java:39)
    clojure.lang.RT.boundedLength (RT.java:1788)
    clojure.lang.RestFn.applyTo (RestFn.java:130)
    clojure.core$apply.invokeStatic (core.clj:667)
    clojure.test$run_tests.invokeStatic (test.clj:768)
    clojure.test$run_tests.doInvoke (test.clj:768)
    clojure.lang.RestFn.applyTo (RestFn.java:137)
    clojure.core$apply.invokeStatic (core.clj:665)
    clojure.core$apply.invoke (core.clj:660)
    user$eval224$fn__357$fn__410.invoke (form-init3175609222997845561.clj:1)
    user$eval224$fn__357$fn__358.invoke (form-init3175609222997845561.clj:1)
    user$eval224$fn__357.invoke (form-init3175609222997845561.clj:1)
    user$eval224.invokeStatic (form-init3175609222997845561.clj:1)
    user$eval224.invoke (form-init3175609222997845561.clj:1)
    clojure.lang.Compiler.eval (Compiler.java:7176)
    clojure.lang.Compiler.eval (Compiler.java:7166)
    clojure.lang.Compiler.load (Compiler.java:7635)
    clojure.lang.Compiler.loadFile (Compiler.java:7573)
    clojure.main$load_script.invokeStatic (main.clj:452)
    clojure.main$init_opt.invokeStatic (main.clj:454)
    clojure.main$init_opt.invoke (main.clj:454)
    clojure.main$initialize.invokeStatic (main.clj:485)
    clojure.main$null_opt.invokeStatic (main.clj:519)
    clojure.main$null_opt.invoke (main.clj:516)
    clojure.main$main.invokeStatic (main.clj:598)
    clojure.main$main.doInvoke (main.clj:561)
    clojure.lang.RestFn.applyTo (RestFn.java:137)
    clojure.lang.Var.applyTo (Var.java:705)
    clojure.main.main (main.java:37)

lein test :only wordy-test/multiplication

ERROR in (multiplication) (AFn.java:429)
expected: (= (wordy/evaluate "What is -3 multiplied by 25?") -75)
  actual: clojure.lang.ArityException: Wrong number of args (1) passed to: wordy/evaluate
 at clojure.lang.AFn.throwArity (AFn.java:429)
    clojure.lang.AFn.invoke (AFn.java:32)
    wordy_test$fn__469.invokeStatic (wordy_test.clj:21)
    wordy_test/fn (wordy_test.clj:20)
    clojure.test$test_var$fn__9707.invoke (test.clj:717)
    clojure.test$test_var.invokeStatic (test.clj:717)
    clojure.test$test_var.invoke (test.clj:708)
    clojure.test$test_vars$fn__9733$fn__9738.invoke (test.clj:735)
    clojure.test$default_fixture.invokeStatic (test.clj:687)
    clojure.test$default_fixture.invoke (test.clj:683)
    clojure.test$test_vars$fn__9733.invoke (test.clj:735)
    clojure.test$default_fixture.invokeStatic (test.clj:687)
    clojure.test$default_fixture.invoke (test.clj:683)
    clojure.test$test_vars.invokeStatic (test.clj:731)
    clojure.test$test_all_vars.invokeStatic (test.clj:737)
    clojure.test$test_ns.invokeStatic (test.clj:758)
    clojure.test$test_ns.invoke (test.clj:743)
    user$eval224$fn__345.invoke (form-init3175609222997845561.clj:1)
    clojure.lang.AFn.applyToHelper (AFn.java:156)
    clojure.lang.AFn.applyTo (AFn.java:144)
    clojure.core$apply.invokeStatic (core.clj:667)
    clojure.core$apply.invoke (core.clj:660)
    leiningen.core.injected$compose_hooks$fn__154.doInvoke (form-init3175609222997845561.clj:1)
    clojure.lang.RestFn.applyTo (RestFn.java:137)
    clojure.core$apply.invokeStatic (core.clj:665)
    clojure.core$apply.invoke (core.clj:660)
    leiningen.core.injected$run_hooks.invokeStatic (form-init3175609222997845561.clj:1)
    leiningen.core.injected$run_hooks.invoke (form-init3175609222997845561.clj:1)
    leiningen.core.injected$prepare_for_hooks$fn__159$fn__160.doInvoke (form-init3175609222997845561.clj:1)
    clojure.lang.RestFn.applyTo (RestFn.java:137)
    clojure.lang.AFunction$1.doInvoke (AFunction.java:31)
    clojure.lang.RestFn.invoke (RestFn.java:408)
    clojure.core$map$fn__5851.invoke (core.clj:2755)
    clojure.lang.LazySeq.sval (LazySeq.java:42)
    clojure.lang.LazySeq.seq (LazySeq.java:51)
    clojure.lang.Cons.next (Cons.java:39)
    clojure.lang.RT.boundedLength (RT.java:1788)
    clojure.lang.RestFn.applyTo (RestFn.java:130)
    clojure.core$apply.invokeStatic (core.clj:667)
    clojure.test$run_tests.invokeStatic (test.clj:768)
    clojure.test$run_tests.doInvoke (test.clj:768)
    clojure.lang.RestFn.applyTo (RestFn.java:137)
    clojure.core$apply.invokeStatic (core.clj:665)
    clojure.core$apply.invoke (core.clj:660)
    user$eval224$fn__357$fn__410.invoke (form-init3175609222997845561.clj:1)
    user$eval224$fn__357$fn__358.invoke (form-init3175609222997845561.clj:1)
    user$eval224$fn__357.invoke (form-init3175609222997845561.clj:1)
    user$eval224.invokeStatic (form-init3175609222997845561.clj:1)
    user$eval224.invoke (form-init3175609222997845561.clj:1)
    clojure.lang.Compiler.eval (Compiler.java:7176)
    clojure.lang.Compiler.eval (Compiler.java:7166)
    clojure.lang.Compiler.load (Compiler.java:7635)
    clojure.lang.Compiler.loadFile (Compiler.java:7573)
    clojure.main$load_script.invokeStatic (main.clj:452)
    clojure.main$init_opt.invokeStatic (main.clj:454)
    clojure.main$init_opt.invoke (main.clj:454)
    clojure.main$initialize.invokeStatic (main.clj:485)
    clojure.main$null_opt.invokeStatic (main.clj:519)
    clojure.main$null_opt.invoke (main.clj:516)
    clojure.main$main.invokeStatic (main.clj:598)
    clojure.main$main.doInvoke (main.clj:561)
    clojure.lang.RestFn.applyTo (RestFn.java:137)
    clojure.lang.Var.applyTo (Var.java:705)
    clojure.main.main (main.java:37)

lein test :only wordy-test/addition-and-subtraction

ERROR in (addition-and-subtraction) (AFn.java:429)
expected: (= (wordy/evaluate "What is 1 plus 5 minus -2?") 8)
  actual: clojure.lang.ArityException: Wrong number of args (1) passed to: wordy/evaluate
 at clojure.lang.AFn.throwArity (AFn.java:429)
    clojure.lang.AFn.invoke (AFn.java:32)
    wordy_test$fn__484.invokeStatic (wordy_test.clj:30)
    wordy_test/fn (wordy_test.clj:29)
    clojure.test$test_var$fn__9707.invoke (test.clj:717)
    clojure.test$test_var.invokeStatic (test.clj:717)
    clojure.test$test_var.invoke (test.clj:708)
    clojure.test$test_vars$fn__9733$fn__9738.invoke (test.clj:735)
    clojure.test$default_fixture.invokeStatic (test.clj:687)
    clojure.test$default_fixture.invoke (test.clj:683)
    clojure.test$test_vars$fn__9733.invoke (test.clj:735)
    clojure.test$default_fixture.invokeStatic (test.clj:687)
    clojure.test$default_fixture.invoke (test.clj:683)
    clojure.test$test_vars.invokeStatic (test.clj:731)
    clojure.test$test_all_vars.invokeStatic (test.clj:737)
    clojure.test$test_ns.invokeStatic (test.clj:758)
    clojure.test$test_ns.invoke (test.clj:743)
    user$eval224$fn__345.invoke (form-init3175609222997845561.clj:1)
    clojure.lang.AFn.applyToHelper (AFn.java:156)
    clojure.lang.AFn.applyTo (AFn.java:144)
    clojure.core$apply.invokeStatic (core.clj:667)
    clojure.core$apply.invoke (core.clj:660)
    leiningen.core.injected$compose_hooks$fn__154.doInvoke (form-init3175609222997845561.clj:1)
    clojure.lang.RestFn.applyTo (RestFn.java:137)
    clojure.core$apply.invokeStatic (core.clj:665)
    clojure.core$apply.invoke (core.clj:660)
    leiningen.core.injected$run_hooks.invokeStatic (form-init3175609222997845561.clj:1)
    leiningen.core.injected$run_hooks.invoke (form-init3175609222997845561.clj:1)
    leiningen.core.injected$prepare_for_hooks$fn__159$fn__160.doInvoke (form-init3175609222997845561.clj:1)
    clojure.lang.RestFn.applyTo (RestFn.java:137)
    clojure.lang.AFunction$1.doInvoke (AFunction.java:31)
    clojure.lang.RestFn.invoke (RestFn.java:408)
    clojure.core$map$fn__5851.invoke (core.clj:2755)
    clojure.lang.LazySeq.sval (LazySeq.java:42)
    clojure.lang.LazySeq.seq (LazySeq.java:51)
    clojure.lang.Cons.next (Cons.java:39)
    clojure.lang.RT.boundedLength (RT.java:1788)
    clojure.lang.RestFn.applyTo (RestFn.java:130)
    clojure.core$apply.invokeStatic (core.clj:667)
    clojure.test$run_tests.invokeStatic (test.clj:768)
    clojure.test$run_tests.doInvoke (test.clj:768)
    clojure.lang.RestFn.applyTo (RestFn.java:137)
    clojure.core$apply.invokeStatic (core.clj:665)
    clojure.core$apply.invoke (core.clj:660)
    user$eval224$fn__357$fn__410.invoke (form-init3175609222997845561.clj:1)
    user$eval224$fn__357$fn__358.invoke (form-init3175609222997845561.clj:1)
    user$eval224$fn__357.invoke (form-init3175609222997845561.clj:1)
    user$eval224.invokeStatic (form-init3175609222997845561.clj:1)
    user$eval224.invoke (form-init3175609222997845561.clj:1)
    clojure.lang.Compiler.eval (Compiler.java:7176)
    clojure.lang.Compiler.eval (Compiler.java:7166)
    clojure.lang.Compiler.load (Compiler.java:7635)
    clojure.lang.Compiler.loadFile (Compiler.java:7573)
    clojure.main$load_script.invokeStatic (main.clj:452)
    clojure.main$init_opt.invokeStatic (main.clj:454)
    clojure.main$init_opt.invoke (main.clj:454)
    clojure.main$initialize.invokeStatic (main.clj:485)
    clojure.main$null_opt.invokeStatic (main.clj:519)
    clojure.main$null_opt.invoke (main.clj:516)
    clojure.main$main.invokeStatic (main.clj:598)
    clojure.main$main.doInvoke (main.clj:561)
    clojure.lang.RestFn.applyTo (RestFn.java:137)
    clojure.lang.Var.applyTo (Var.java:705)
    clojure.main.main (main.java:37)

Ran 16 tests containing 16 assertions.
0 failures, 14 errors.
Tests failed.
